# JRE version: OpenJDK Runtime Environment (8.0_202-b03) (build 1.8.0_202-release-1483-b03)
# Java VM: OpenJDK 64-Bit Server VM (25.202-b03 mixed mode windows-amd64 compressed oops)
Heap:
 PSYoungGen      total 190464K, used 148542K [0x00000000e0000000, 0x00000000ed300000, 0x0000000100000000)
  eden space 172032K, 75% used [0x00000000e0000000,0x00000000e7f12e08,0x00000000ea800000)
  from space 18432K, 99% used [0x00000000ea800000,0x00000000eb9fcad0,0x00000000eba00000)
  to   space 17920K, 0% used [0x00000000eba00000,0x00000000eba00000,0x00000000ecb80000)
 ParOldGen       total 131072K, used 33854K [0x00000000a0000000, 0x00000000a8000000, 0x00000000e0000000)
  object space 131072K, 25% used [0x00000000a0000000,0x00000000a210fb08,0x00000000a8000000)
 Metaspace       used 67950K, capacity 70559K, committed 70616K, reserved 1110016K
  class space    used 9381K, capacity 9931K, committed 9984K, reserved 1048576K
GC Heap History (10 events):
Event: 14.239 GC heap before
{Heap before GC invocations=12 (full 2):
 PSYoungGen      total 114176K, used 103424K [0x00000000e0000000, 0x00000000ea180000, 0x0000000100000000)
  eden space 103424K, 100% used [0x00000000e0000000,0x00000000e6500000,0x00000000e6500000)
  from space 10752K, 0% used [0x00000000e6500000,0x00000000e6500000,0x00000000e6f80000)
  to   space 11776K, 0% used [0x00000000e9600000,0x00000000e9600000,0x00000000ea180000)
 ParOldGen       total 89600K, used 16894K [0x00000000a0000000, 0x00000000a5780000, 0x00000000e0000000)
  object space 89600K, 18% used [0x00000000a0000000,0x00000000a107fb28,0x00000000a5780000)
 Metaspace       used 45445K, capacity 46434K, committed 46592K, reserved 1089536K
  class space    used 6114K, capacity 6382K, committed 6400K, reserved 1048576K
Event: 14.263 GC heap after
Heap after GC invocations=12 (full 2):
 PSYoungGen      total 144896K, used 11758K [0x00000000e0000000, 0x00000000ea180000, 0x0000000100000000)
  eden space 133120K, 0% used [0x00000000e0000000,0x00000000e0000000,0x00000000e8200000)
  from space 11776K, 99% used [0x00000000e9600000,0x00000000ea17ba68,0x00000000ea180000)
  to   space 13824K, 0% used [0x00000000e8680000,0x00000000e8680000,0x00000000e9400000)
 ParOldGen       total 89600K, used 19130K [0x00000000a0000000, 0x00000000a5780000, 0x00000000e0000000)
  object space 89600K, 21% used [0x00000000a0000000,0x00000000a12aea50,0x00000000a5780000)
 Metaspace       used 45445K, capacity 46434K, committed 46592K, reserved 1089536K
  class space    used 6114K, capacity 6382K, committed 6400K, reserved 1048576K
}
Event: 17.462 GC heap before
{Heap before GC invocations=13 (full 2):
 PSYoungGen      total 144896K, used 144878K [0x00000000e0000000, 0x00000000ea180000, 0x0000000100000000)
  eden space 133120K, 100% used [0x00000000e0000000,0x00000000e8200000,0x00000000e8200000)
  from space 11776K, 99% used [0x00000000e9600000,0x00000000ea17ba68,0x00000000ea180000)
  to   space 13824K, 0% used [0x00000000e8680000,0x00000000e8680000,0x00000000e9400000)
 ParOldGen       total 89600K, used 19130K [0x00000000a0000000, 0x00000000a5780000, 0x00000000e0000000)
  object space 89600K, 21% used [0x00000000a0000000,0x00000000a12aea50,0x00000000a5780000)
 Metaspace       used 56080K, capacity 57564K, committed 57728K, reserved 1099776K
  class space    used 7630K, capacity 8025K, committed 8064K, reserved 1048576K
Event: 17.535 GC heap after
Heap after GC invocations=13 (full 2):
 PSYoungGen      total 151552K, used 13801K [0x00000000e0000000, 0x00000000ecb80000, 0x0000000100000000)
  eden space 137728K, 0% used [0x00000000e0000000,0x00000000e0000000,0x00000000e8680000)
  from space 13824K, 99% used [0x00000000e8680000,0x00000000e93fa460,0x00000000e9400000)
  to   space 17920K, 0% used [0x00000000eba00000,0x00000000eba00000,0x00000000ecb80000)
 ParOldGen       total 89600K, used 26151K [0x00000000a0000000, 0x00000000a5780000, 0x00000000e0000000)
  object space 89600K, 29% used [0x00000000a0000000,0x00000000a1989f10,0x00000000a5780000)
 Metaspace       used 56080K, capacity 57564K, committed 57728K, reserved 1099776K
  class space    used 7630K, capacity 8025K, committed 8064K, reserved 1048576K
}
Event: 18.850 GC heap before
{Heap before GC invocations=14 (full 2):
 PSYoungGen      total 151552K, used 34750K [0x00000000e0000000, 0x00000000ecb80000, 0x0000000100000000)
  eden space 137728K, 15% used [0x00000000e0000000,0x00000000e1475630,0x00000000e8680000)
  from space 13824K, 99% used [0x00000000e8680000,0x00000000e93fa460,0x00000000e9400000)
  to   space 17920K, 0% used [0x00000000eba00000,0x00000000eba00000,0x00000000ecb80000)
 ParOldGen       total 89600K, used 26151K [0x00000000a0000000, 0x00000000a5780000, 0x00000000e0000000)
  object space 89600K, 29% used [0x00000000a0000000,0x00000000a1989f10,0x00000000a5780000)
 Metaspace       used 57448K, capacity 59039K, committed 59096K, reserved 1099776K
  class space    used 7796K, capacity 8192K, committed 8192K, reserved 1048576K
Event: 18.875 GC heap after
Heap after GC invocations=14 (full 2):
 PSYoungGen      total 189952K, used 2199K [0x00000000e0000000, 0x00000000ed300000, 0x0000000100000000)
  eden space 172032K, 0% used [0x00000000e0000000,0x00000000e0000000,0x00000000ea800000)
  from space 17920K, 12% used [0x00000000eba00000,0x00000000ebc25d68,0x00000000ecb80000)
  to   space 18432K, 0% used [0x00000000ea800000,0x00000000ea800000,0x00000000eba00000)
 ParOldGen       total 89600K, used 32276K [0x00000000a0000000, 0x00000000a5780000, 0x00000000e0000000)
  object space 89600K, 36% used [0x00000000a0000000,0x00000000a1f850e8,0x00000000a5780000)
 Metaspace       used 57448K, capacity 59039K, committed 59096K, reserved 1099776K
  class space    used 7796K, capacity 8192K, committed 8192K, reserved 1048576K
}
Event: 18.875 GC heap before
{Heap before GC invocations=15 (full 3):
 PSYoungGen      total 189952K, used 2199K [0x00000000e0000000, 0x00000000ed300000, 0x0000000100000000)
  eden space 172032K, 0% used [0x00000000e0000000,0x00000000e0000000,0x00000000ea800000)
  from space 17920K, 12% used [0x00000000eba00000,0x00000000ebc25d68,0x00000000ecb80000)
  to   space 18432K, 0% used [0x00000000ea800000,0x00000000ea800000,0x00000000eba00000)
 ParOldGen       total 89600K, used 32276K [0x00000000a0000000, 0x00000000a5780000, 0x00000000e0000000)
  object space 89600K, 36% used [0x00000000a0000000,0x00000000a1f850e8,0x00000000a5780000)
 Metaspace       used 57448K, capacity 59039K, committed 59096K, reserved 1099776K
  class space    used 7796K, capacity 8192K, committed 8192K, reserved 1048576K
Event: 19.321 GC heap after
Heap after GC invocations=15 (full 3):
 PSYoungGen      total 189952K, used 0K [0x00000000e0000000, 0x00000000ed300000, 0x0000000100000000)
  eden space 172032K, 0% used [0x00000000e0000000,0x00000000e0000000,0x00000000ea800000)
  from space 17920K, 0% used [0x00000000eba00000,0x00000000eba00000,0x00000000ecb80000)
  to   space 18432K, 0% used [0x00000000ea800000,0x00000000ea800000,0x00000000eba00000)
 ParOldGen       total 131072K, used 29110K [0x00000000a0000000, 0x00000000a8000000, 0x00000000e0000000)
  object space 131072K, 22% used [0x00000000a0000000,0x00000000a1c6dbd0,0x00000000a8000000)
 Metaspace       used 57448K, capacity 59039K, committed 59096K, reserved 1099776K
  class space    used 7796K, capacity 8192K, committed 8192K, reserved 1048576K
}
Event: 23.152 GC heap before
{Heap before GC invocations=16 (full 3):
 PSYoungGen      total 189952K, used 172032K [0x00000000e0000000, 0x00000000ed300000, 0x0000000100000000)
  eden space 172032K, 100% used [0x00000000e0000000,0x00000000ea800000,0x00000000ea800000)
  from space 17920K, 0% used [0x00000000eba00000,0x00000000eba00000,0x00000000ecb80000)
  to   space 18432K, 0% used [0x00000000ea800000,0x00000000ea800000,0x00000000eba00000)
 ParOldGen       total 131072K, used 29110K [0x00000000a0000000, 0x00000000a8000000, 0x00000000e0000000)
  object space 131072K, 22% used [0x00000000a0000000,0x00000000a1c6dbd0,0x00000000a8000000)
 Metaspace       used 62445K, capacity 64477K, committed 64600K, reserved 1105920K
  class space    used 8512K, capacity 8982K, committed 9088K, reserved 1048576K
Event: 23.181 GC heap after
Heap after GC invocations=16 (full 3):
 PSYoungGen      total 190464K, used 18418K [0x00000000e0000000, 0x00000000ed300000, 0x0000000100000000)
  eden space 172032K, 0% used [0x00000000e0000000,0x00000000e0000000,0x00000000ea800000)
  from space 18432K, 99% used [0x00000000ea800000,0x00000000eb9fcad0,0x00000000eba00000)
  to   space 17920K, 0% used [0x00000000eba00000,0x00000000eba00000,0x00000000ecb80000)
 ParOldGen       total 131072K, used 33854K [0x00000000a0000000, 0x00000000a8000000, 0x00000000e0000000)
  object space 131072K, 25% used [0x00000000a0000000,0x00000000a210fb08,0x00000000a8000000)
 Metaspace       used 62445K, capacity 64477K, committed 64600K, reserved 1105920K
  class space    used 8512K, capacity 8982K, committed 9088K, reserved 1048576K
}

