# JRE version: OpenJDK Runtime Environment (8.0_202-b03) (build 1.8.0_202-release-1483-b03)
# Java VM: OpenJDK 64-Bit Server VM (25.202-b03 mixed mode windows-amd64 compressed oops)
Heap:
 PSYoungGen      total 174080K, used 88505K [0x00000000e0000000, 0x00000000ec500000, 0x0000000100000000)
  eden space 152576K, 43% used [0x00000000e0000000,0x00000000e41709e0,0x00000000e9500000)
  from space 21504K, 99% used [0x00000000e9b00000,0x00000000eaffda90,0x00000000eb000000)
  to   space 6656K, 0% used [0x00000000ebe80000,0x00000000ebe80000,0x00000000ec500000)
 ParOldGen       total 123392K, used 52940K [0x00000000a0000000, 0x00000000a7880000, 0x00000000e0000000)
  object space 123392K, 42% used [0x00000000a0000000,0x00000000a33b31a8,0x00000000a7880000)
 Metaspace       used 82644K, capacity 85856K, committed 86104K, reserved 1124352K
  class space    used 10880K, capacity 11521K, committed 11608K, reserved 1048576K
GC Heap History (10 events):
Event: 54.403 GC heap before
{Heap before GC invocations=18 (full 3):
 PSYoungGen      total 152576K, used 137216K [0x00000000e0000000, 0x00000000eab00000, 0x0000000100000000)
  eden space 137216K, 100% used [0x00000000e0000000,0x00000000e8600000,0x00000000e8600000)
  from space 15360K, 0% used [0x00000000e9480000,0x00000000e9480000,0x00000000ea380000)
  to   space 14848K, 0% used [0x00000000e8600000,0x00000000e8600000,0x00000000e9480000)
 ParOldGen       total 123392K, used 32242K [0x00000000a0000000, 0x00000000a7880000, 0x00000000e0000000)
  object space 123392K, 26% used [0x00000000a0000000,0x00000000a1f7c8f0,0x00000000a7880000)
 Metaspace       used 63251K, capacity 65198K, committed 65368K, reserved 1105920K
  class space    used 8323K, capacity 8774K, committed 8792K, reserved 1048576K
Event: 54.425 GC heap after
Heap after GC invocations=18 (full 3):
 PSYoungGen      total 152064K, used 12514K [0x00000000e0000000, 0x00000000ebd80000, 0x0000000100000000)
  eden space 137216K, 0% used [0x00000000e0000000,0x00000000e0000000,0x00000000e8600000)
  from space 14848K, 84% used [0x00000000e8600000,0x00000000e9238a90,0x00000000e9480000)
  to   space 15872K, 0% used [0x00000000eae00000,0x00000000eae00000,0x00000000ebd80000)
 ParOldGen       total 123392K, used 32250K [0x00000000a0000000, 0x00000000a7880000, 0x00000000e0000000)
  object space 123392K, 26% used [0x00000000a0000000,0x00000000a1f7e8f0,0x00000000a7880000)
 Metaspace       used 63251K, capacity 65198K, committed 65368K, reserved 1105920K
  class space    used 8323K, capacity 8774K, committed 8792K, reserved 1048576K
}
Event: 413.130 GC heap before
{Heap before GC invocations=19 (full 3):
 PSYoungGen      total 152064K, used 149730K [0x00000000e0000000, 0x00000000ebd80000, 0x0000000100000000)
  eden space 137216K, 100% used [0x00000000e0000000,0x00000000e8600000,0x00000000e8600000)
  from space 14848K, 84% used [0x00000000e8600000,0x00000000e9238a90,0x00000000e9480000)
  to   space 15872K, 0% used [0x00000000eae00000,0x00000000eae00000,0x00000000ebd80000)
 ParOldGen       total 123392K, used 32250K [0x00000000a0000000, 0x00000000a7880000, 0x00000000e0000000)
  object space 123392K, 26% used [0x00000000a0000000,0x00000000a1f7e8f0,0x00000000a7880000)
 Metaspace       used 66208K, capacity 68372K, committed 68696K, reserved 1107968K
  class space    used 8728K, capacity 9213K, committed 9304K, reserved 1048576K
Event: 413.181 GC heap after
Heap after GC invocations=19 (full 3):
 PSYoungGen      total 172032K, used 13668K [0x00000000e0000000, 0x00000000ebc00000, 0x0000000100000000)
  eden space 157696K, 0% used [0x00000000e0000000,0x00000000e0000000,0x00000000e9a00000)
  from space 14336K, 95% used [0x00000000eae00000,0x00000000ebb59050,0x00000000ebc00000)
  to   space 17408K, 0% used [0x00000000e9a00000,0x00000000e9a00000,0x00000000eab00000)
 ParOldGen       total 123392K, used 32258K [0x00000000a0000000, 0x00000000a7880000, 0x00000000e0000000)
  object space 123392K, 26% used [0x00000000a0000000,0x00000000a1f808f0,0x00000000a7880000)
 Metaspace       used 66208K, capacity 68372K, committed 68696K, reserved 1107968K
  class space    used 8728K, capacity 9213K, committed 9304K, reserved 1048576K
}
Event: 419.731 GC heap before
{Heap before GC invocations=20 (full 3):
 PSYoungGen      total 172032K, used 171276K [0x00000000e0000000, 0x00000000ebc00000, 0x0000000100000000)
  eden space 157696K, 99% used [0x00000000e0000000,0x00000000e99ea2c8,0x00000000e9a00000)
  from space 14336K, 95% used [0x00000000eae00000,0x00000000ebb59050,0x00000000ebc00000)
  to   space 17408K, 0% used [0x00000000e9a00000,0x00000000e9a00000,0x00000000eab00000)
 ParOldGen       total 123392K, used 32258K [0x00000000a0000000, 0x00000000a7880000, 0x00000000e0000000)
  object space 123392K, 26% used [0x00000000a0000000,0x00000000a1f808f0,0x00000000a7880000)
 Metaspace       used 78498K, capacity 81182K, committed 81368K, reserved 1120256K
  class space    used 10394K, capacity 10968K, committed 10968K, reserved 1048576K
Event: 419.792 GC heap after
Heap after GC invocations=20 (full 3):
 PSYoungGen      total 175104K, used 17402K [0x00000000e0000000, 0x00000000ed400000, 0x0000000100000000)
  eden space 157696K, 0% used [0x00000000e0000000,0x00000000e0000000,0x00000000e9a00000)
  from space 17408K, 99% used [0x00000000e9a00000,0x00000000eaafe970,0x00000000eab00000)
  to   space 22016K, 0% used [0x00000000ebe80000,0x00000000ebe80000,0x00000000ed400000)
 ParOldGen       total 123392K, used 39217K [0x00000000a0000000, 0x00000000a7880000, 0x00000000e0000000)
  object space 123392K, 31% used [0x00000000a0000000,0x00000000a264c478,0x00000000a7880000)
 Metaspace       used 78498K, capacity 81182K, committed 81368K, reserved 1120256K
  class space    used 10394K, capacity 10968K, committed 10968K, reserved 1048576K
}
Event: 724.056 GC heap before
{Heap before GC invocations=21 (full 3):
 PSYoungGen      total 175104K, used 175098K [0x00000000e0000000, 0x00000000ed400000, 0x0000000100000000)
  eden space 157696K, 100% used [0x00000000e0000000,0x00000000e9a00000,0x00000000e9a00000)
  from space 17408K, 99% used [0x00000000e9a00000,0x00000000eaafe970,0x00000000eab00000)
  to   space 22016K, 0% used [0x00000000ebe80000,0x00000000ebe80000,0x00000000ed400000)
 ParOldGen       total 123392K, used 39217K [0x00000000a0000000, 0x00000000a7880000, 0x00000000e0000000)
  object space 123392K, 31% used [0x00000000a0000000,0x00000000a264c478,0x00000000a7880000)
 Metaspace       used 81933K, capacity 85036K, committed 85336K, reserved 1122304K
  class space    used 10859K, capacity 11493K, committed 11608K, reserved 1048576K
Event: 724.094 GC heap after
Heap after GC invocations=21 (full 3):
 PSYoungGen      total 159232K, used 6239K [0x00000000e0000000, 0x00000000ec500000, 0x0000000100000000)
  eden space 152576K, 0% used [0x00000000e0000000,0x00000000e0000000,0x00000000e9500000)
  from space 6656K, 93% used [0x00000000ebe80000,0x00000000ec497d80,0x00000000ec500000)
  to   space 21504K, 0% used [0x00000000e9b00000,0x00000000e9b00000,0x00000000eb000000)
 ParOldGen       total 123392K, used 47804K [0x00000000a0000000, 0x00000000a7880000, 0x00000000e0000000)
  object space 123392K, 38% used [0x00000000a0000000,0x00000000a2eaf248,0x00000000a7880000)
 Metaspace       used 81933K, capacity 85036K, committed 85336K, reserved 1122304K
  class space    used 10859K, capacity 11493K, committed 11608K, reserved 1048576K
}
Event: 728.009 GC heap before
{Heap before GC invocations=22 (full 3):
 PSYoungGen      total 159232K, used 158815K [0x00000000e0000000, 0x00000000ec500000, 0x0000000100000000)
  eden space 152576K, 100% used [0x00000000e0000000,0x00000000e9500000,0x00000000e9500000)
  from space 6656K, 93% used [0x00000000ebe80000,0x00000000ec497d80,0x00000000ec500000)
  to   space 21504K, 0% used [0x00000000e9b00000,0x00000000e9b00000,0x00000000eb000000)
 ParOldGen       total 123392K, used 47804K [0x00000000a0000000, 0x00000000a7880000, 0x00000000e0000000)
  object space 123392K, 38% used [0x00000000a0000000,0x00000000a2eaf248,0x00000000a7880000)
 Metaspace       used 82599K, capacity 85832K, committed 86104K, reserved 1124352K
  class space    used 10873K, capacity 11517K, committed 11608K, reserved 1048576K
Event: 728.047 GC heap after
Heap after GC invocations=22 (full 3):
 PSYoungGen      total 174080K, used 21494K [0x00000000e0000000, 0x00000000ec500000, 0x0000000100000000)
  eden space 152576K, 0% used [0x00000000e0000000,0x00000000e0000000,0x00000000e9500000)
  from space 21504K, 99% used [0x00000000e9b00000,0x00000000eaffda90,0x00000000eb000000)
  to   space 6656K, 0% used [0x00000000ebe80000,0x00000000ebe80000,0x00000000ec500000)
 ParOldGen       total 123392K, used 52940K [0x00000000a0000000, 0x00000000a7880000, 0x00000000e0000000)
  object space 123392K, 42% used [0x00000000a0000000,0x00000000a33b31a8,0x00000000a7880000)
 Metaspace       used 82599K, capacity 85832K, committed 86104K, reserved 1124352K
  class space    used 10873K, capacity 11517K, committed 11608K, reserved 1048576K
}

