# JRE version: OpenJDK Runtime Environment (8.0_202-b03) (build 1.8.0_202-release-1483-b03)
# Java VM: OpenJDK 64-Bit Server VM (25.202-b03 mixed mode windows-amd64 compressed oops)
Heap:
 PSYoungGen      total 212992K, used 151236K [0x00000000e0000000, 0x00000000ef480000, 0x0000000100000000)
  eden space 183808K, 69% used [0x00000000e0000000,0x00000000e7d169a8,0x00000000eb380000)
  from space 29184K, 79% used [0x00000000ed800000,0x00000000eee9a9c0,0x00000000ef480000)
  to   space 33280K, 0% used [0x00000000eb380000,0x00000000eb380000,0x00000000ed400000)
 ParOldGen       total 126976K, used 66319K [0x00000000a0000000, 0x00000000a7c00000, 0x00000000e0000000)
  object space 126976K, 52% used [0x00000000a0000000,0x00000000a40c3df8,0x00000000a7c00000)
 Metaspace       used 84287K, capacity 87756K, committed 87896K, reserved 1126400K
  class space    used 11107K, capacity 11804K, committed 11904K, reserved 1048576K
GC Heap History (10 events):
Event: 13.761 GC heap before
{Heap before GC invocations=15 (full 3):
 PSYoungGen      total 194560K, used 1504K [0x00000000e0000000, 0x00000000ed980000, 0x0000000100000000)
  eden space 176128K, 0% used [0x00000000e0000000,0x00000000e0000000,0x00000000eac00000)
  from space 18432K, 8% used [0x00000000ebe80000,0x00000000ebff8000,0x00000000ed080000)
  to   space 18944K, 0% used [0x00000000eac00000,0x00000000eac00000,0x00000000ebe80000)
 ParOldGen       total 86528K, used 34330K [0x00000000a0000000, 0x00000000a5480000, 0x00000000e0000000)
  object space 86528K, 39% used [0x00000000a0000000,0x00000000a2186a68,0x00000000a5480000)
 Metaspace       used 57195K, capacity 58972K, committed 59028K, reserved 1099776K
  class space    used 7772K, capacity 8167K, committed 8192K, reserved 1048576K
Event: 14.164 GC heap after
Heap after GC invocations=15 (full 3):
 PSYoungGen      total 194560K, used 0K [0x00000000e0000000, 0x00000000ed980000, 0x0000000100000000)
  eden space 176128K, 0% used [0x00000000e0000000,0x00000000e0000000,0x00000000eac00000)
  from space 18432K, 0% used [0x00000000ebe80000,0x00000000ebe80000,0x00000000ed080000)
  to   space 18944K, 0% used [0x00000000eac00000,0x00000000eac00000,0x00000000ebe80000)
 ParOldGen       total 126976K, used 28732K [0x00000000a0000000, 0x00000000a7c00000, 0x00000000e0000000)
  object space 126976K, 22% used [0x00000000a0000000,0x00000000a1c0f000,0x00000000a7c00000)
 Metaspace       used 57121K, capacity 58748K, committed 59028K, reserved 1099776K
  class space    used 7748K, capacity 8125K, committed 8192K, reserved 1048576K
}
Event: 180.576 GC heap before
{Heap before GC invocations=16 (full 3):
 PSYoungGen      total 194560K, used 176128K [0x00000000e0000000, 0x00000000ed980000, 0x0000000100000000)
  eden space 176128K, 100% used [0x00000000e0000000,0x00000000eac00000,0x00000000eac00000)
  from space 18432K, 0% used [0x00000000ebe80000,0x00000000ebe80000,0x00000000ed080000)
  to   space 18944K, 0% used [0x00000000eac00000,0x00000000eac00000,0x00000000ebe80000)
 ParOldGen       total 126976K, used 28732K [0x00000000a0000000, 0x00000000a7c00000, 0x00000000e0000000)
  object space 126976K, 22% used [0x00000000a0000000,0x00000000a1c0f000,0x00000000a7c00000)
 Metaspace       used 64114K, capacity 66050K, committed 66264K, reserved 1105920K
  class space    used 8431K, capacity 8882K, committed 8960K, reserved 1048576K
Event: 180.597 GC heap after
Heap after GC invocations=16 (full 3):
 PSYoungGen      total 195072K, used 15667K [0x00000000e0000000, 0x00000000ef380000, 0x0000000100000000)
  eden space 176128K, 0% used [0x00000000e0000000,0x00000000e0000000,0x00000000eac00000)
  from space 18944K, 82% used [0x00000000eac00000,0x00000000ebb4ce30,0x00000000ebe80000)
  to   space 20480K, 0% used [0x00000000edf80000,0x00000000edf80000,0x00000000ef380000)
 ParOldGen       total 126976K, used 28740K [0x00000000a0000000, 0x00000000a7c00000, 0x00000000e0000000)
  object space 126976K, 22% used [0x00000000a0000000,0x00000000a1c11000,0x00000000a7c00000)
 Metaspace       used 64114K, capacity 66050K, committed 66264K, reserved 1105920K
  class space    used 8431K, capacity 8882K, committed 8960K, reserved 1048576K
}
Event: 190.454 GC heap before
{Heap before GC invocations=17 (full 3):
 PSYoungGen      total 195072K, used 191795K [0x00000000e0000000, 0x00000000ef380000, 0x0000000100000000)
  eden space 176128K, 100% used [0x00000000e0000000,0x00000000eac00000,0x00000000eac00000)
  from space 18944K, 82% used [0x00000000eac00000,0x00000000ebb4ce30,0x00000000ebe80000)
  to   space 20480K, 0% used [0x00000000edf80000,0x00000000edf80000,0x00000000ef380000)
 ParOldGen       total 126976K, used 28740K [0x00000000a0000000, 0x00000000a7c00000, 0x00000000e0000000)
  object space 126976K, 22% used [0x00000000a0000000,0x00000000a1c11000,0x00000000a7c00000)
 Metaspace       used 76711K, capacity 79384K, committed 79704K, reserved 1118208K
  class space    used 10216K, capacity 10757K, committed 10880K, reserved 1048576K
Event: 190.580 GC heap after
Heap after GC invocations=17 (full 3):
 PSYoungGen      total 217088K, used 20459K [0x00000000e0000000, 0x00000000f0a80000, 0x0000000100000000)
  eden space 196608K, 0% used [0x00000000e0000000,0x00000000e0000000,0x00000000ec000000)
  from space 20480K, 99% used [0x00000000edf80000,0x00000000ef37ac68,0x00000000ef380000)
  to   space 32256K, 0% used [0x00000000ec000000,0x00000000ec000000,0x00000000edf80000)
 ParOldGen       total 126976K, used 52899K [0x00000000a0000000, 0x00000000a7c00000, 0x00000000e0000000)
  object space 126976K, 41% used [0x00000000a0000000,0x00000000a33a8e68,0x00000000a7c00000)
 Metaspace       used 76711K, capacity 79384K, committed 79704K, reserved 1118208K
  class space    used 10216K, capacity 10757K, committed 10880K, reserved 1048576K
}
Event: 2388.333 GC heap before
{Heap before GC invocations=18 (full 3):
 PSYoungGen      total 217088K, used 217067K [0x00000000e0000000, 0x00000000f0a80000, 0x0000000100000000)
  eden space 196608K, 100% used [0x00000000e0000000,0x00000000ec000000,0x00000000ec000000)
  from space 20480K, 99% used [0x00000000edf80000,0x00000000ef37ac68,0x00000000ef380000)
  to   space 32256K, 0% used [0x00000000ec000000,0x00000000ec000000,0x00000000edf80000)
 ParOldGen       total 126976K, used 52899K [0x00000000a0000000, 0x00000000a7c00000, 0x00000000e0000000)
  object space 126976K, 41% used [0x00000000a0000000,0x00000000a33a8e68,0x00000000a7c00000)
 Metaspace       used 81229K, capacity 84470K, committed 84696K, reserved 1122304K
  class space    used 10838K, capacity 11473K, committed 11520K, reserved 1048576K
Event: 2388.641 GC heap after
Heap after GC invocations=18 (full 3):
 PSYoungGen      total 198656K, used 8336K [0x00000000e0000000, 0x00000000ef680000, 0x0000000100000000)
  eden space 189952K, 0% used [0x00000000e0000000,0x00000000e0000000,0x00000000eb980000)
  from space 8704K, 95% used [0x00000000ec000000,0x00000000ec8241c0,0x00000000ec880000)
  to   space 31232K, 0% used [0x00000000ed800000,0x00000000ed800000,0x00000000ef680000)
 ParOldGen       total 126976K, used 66311K [0x00000000a0000000, 0x00000000a7c00000, 0x00000000e0000000)
  object space 126976K, 52% used [0x00000000a0000000,0x00000000a40c1df8,0x00000000a7c00000)
 Metaspace       used 81229K, capacity 84470K, committed 84696K, reserved 1122304K
  class space    used 10838K, capacity 11473K, committed 11520K, reserved 1048576K
}
Event: 2402.943 GC heap before
{Heap before GC invocations=19 (full 3):
 PSYoungGen      total 198656K, used 198288K [0x00000000e0000000, 0x00000000ef680000, 0x0000000100000000)
  eden space 189952K, 100% used [0x00000000e0000000,0x00000000eb980000,0x00000000eb980000)
  from space 8704K, 95% used [0x00000000ec000000,0x00000000ec8241c0,0x00000000ec880000)
  to   space 31232K, 0% used [0x00000000ed800000,0x00000000ed800000,0x00000000ef680000)
 ParOldGen       total 126976K, used 66311K [0x00000000a0000000, 0x00000000a7c00000, 0x00000000e0000000)
  object space 126976K, 52% used [0x00000000a0000000,0x00000000a40c1df8,0x00000000a7c00000)
 Metaspace       used 83711K, capacity 86968K, committed 87256K, reserved 1124352K
  class space    used 11061K, capacity 11710K, committed 11776K, reserved 1048576K
Event: 2403.001 GC heap after
Heap after GC invocations=19 (full 3):
 PSYoungGen      total 212992K, used 23146K [0x00000000e0000000, 0x00000000ef480000, 0x0000000100000000)
  eden space 183808K, 0% used [0x00000000e0000000,0x00000000e0000000,0x00000000eb380000)
  from space 29184K, 79% used [0x00000000ed800000,0x00000000eee9a9c0,0x00000000ef480000)
  to   space 33280K, 0% used [0x00000000eb380000,0x00000000eb380000,0x00000000ed400000)
 ParOldGen       total 126976K, used 66319K [0x00000000a0000000, 0x00000000a7c00000, 0x00000000e0000000)
  object space 126976K, 52% used [0x00000000a0000000,0x00000000a40c3df8,0x00000000a7c00000)
 Metaspace       used 83711K, capacity 86968K, committed 87256K, reserved 1124352K
  class space    used 11061K, capacity 11710K, committed 11776K, reserved 1048576K
}

