# JRE version: OpenJDK Runtime Environment (8.0_202-b03) (build 1.8.0_202-release-1483-b03)
# Java VM: OpenJDK 64-Bit Server VM (25.202-b03 mixed mode windows-amd64 compressed oops)
Heap:
 PSYoungGen      total 380928K, used 163330K [0x00000000e0000000, 0x00000000f9800000, 0x0000000100000000)
  eden space 355840K, 38% used [0x00000000e0000000,0x00000000e8747c50,0x00000000f5b80000)
  from space 25088K, 98% used [0x00000000f7f80000,0x00000000f97b8d80,0x00000000f9800000)
  to   space 28672K, 0% used [0x00000000f6000000,0x00000000f6000000,0x00000000f7c00000)
 ParOldGen       total 134144K, used 30360K [0x00000000a0000000, 0x00000000a8300000, 0x00000000e0000000)
  object space 134144K, 22% used [0x00000000a0000000,0x00000000a1da6038,0x00000000a8300000)
 Metaspace       used 77304K, capacity 80604K, committed 80728K, reserved 1120256K
  class space    used 10075K, capacity 10779K, committed 10840K, reserved 1048576K
GC Heap History (10 events):
Event: 11.966 GC heap before
{Heap before GC invocations=9 (full 2):
 PSYoungGen      total 219648K, used 206336K [0x00000000e0000000, 0x00000000ee780000, 0x0000000100000000)
  eden space 206336K, 100% used [0x00000000e0000000,0x00000000ec980000,0x00000000ec980000)
  from space 13312K, 0% used [0x00000000eda80000,0x00000000eda80000,0x00000000ee780000)
  to   space 15360K, 0% used [0x00000000ec980000,0x00000000ec980000,0x00000000ed880000)
 ParOldGen       total 95232K, used 17235K [0x00000000a0000000, 0x00000000a5d00000, 0x00000000e0000000)
  object space 95232K, 18% used [0x00000000a0000000,0x00000000a10d4d28,0x00000000a5d00000)
 Metaspace       used 52877K, capacity 54316K, committed 54488K, reserved 1095680K
  class space    used 7160K, capacity 7517K, committed 7640K, reserved 1048576K
Event: 11.999 GC heap after
Heap after GC invocations=9 (full 2):
 PSYoungGen      total 221696K, used 15335K [0x00000000e0000000, 0x00000000f5480000, 0x0000000100000000)
  eden space 206336K, 0% used [0x00000000e0000000,0x00000000e0000000,0x00000000ec980000)
  from space 15360K, 99% used [0x00000000ec980000,0x00000000ed879c48,0x00000000ed880000)
  to   space 22528K, 0% used [0x00000000f3e80000,0x00000000f3e80000,0x00000000f5480000)
 ParOldGen       total 95232K, used 26994K [0x00000000a0000000, 0x00000000a5d00000, 0x00000000e0000000)
  object space 95232K, 28% used [0x00000000a0000000,0x00000000a1a5c980,0x00000000a5d00000)
 Metaspace       used 52877K, capacity 54316K, committed 54488K, reserved 1095680K
  class space    used 7160K, capacity 7517K, committed 7640K, reserved 1048576K
}
Event: 12.988 GC heap before
{Heap before GC invocations=10 (full 2):
 PSYoungGen      total 221696K, used 69676K [0x00000000e0000000, 0x00000000f5480000, 0x0000000100000000)
  eden space 206336K, 26% used [0x00000000e0000000,0x00000000e3511728,0x00000000ec980000)
  from space 15360K, 99% used [0x00000000ec980000,0x00000000ed879c48,0x00000000ed880000)
  to   space 22528K, 0% used [0x00000000f3e80000,0x00000000f3e80000,0x00000000f5480000)
 ParOldGen       total 95232K, used 26994K [0x00000000a0000000, 0x00000000a5d00000, 0x00000000e0000000)
  object space 95232K, 28% used [0x00000000a0000000,0x00000000a1a5c980,0x00000000a5d00000)
 Metaspace       used 57118K, capacity 58876K, committed 58968K, reserved 1099776K
  class space    used 7789K, capacity 8205K, committed 8280K, reserved 1048576K
Event: 13.018 GC heap after
Heap after GC invocations=10 (full 2):
 PSYoungGen      total 325120K, used 16078K [0x00000000e0000000, 0x00000000f5f00000, 0x0000000100000000)
  eden space 302592K, 0% used [0x00000000e0000000,0x00000000e0000000,0x00000000f2780000)
  from space 22528K, 71% used [0x00000000f3e80000,0x00000000f4e338d8,0x00000000f5480000)
  to   space 23552K, 0% used [0x00000000f2780000,0x00000000f2780000,0x00000000f3e80000)
 ParOldGen       total 95232K, used 27066K [0x00000000a0000000, 0x00000000a5d00000, 0x00000000e0000000)
  object space 95232K, 28% used [0x00000000a0000000,0x00000000a1a6e990,0x00000000a5d00000)
 Metaspace       used 57118K, capacity 58876K, committed 58968K, reserved 1099776K
  class space    used 7789K, capacity 8205K, committed 8280K, reserved 1048576K
}
Event: 13.018 GC heap before
{Heap before GC invocations=11 (full 3):
 PSYoungGen      total 325120K, used 16078K [0x00000000e0000000, 0x00000000f5f00000, 0x0000000100000000)
  eden space 302592K, 0% used [0x00000000e0000000,0x00000000e0000000,0x00000000f2780000)
  from space 22528K, 71% used [0x00000000f3e80000,0x00000000f4e338d8,0x00000000f5480000)
  to   space 23552K, 0% used [0x00000000f2780000,0x00000000f2780000,0x00000000f3e80000)
 ParOldGen       total 95232K, used 27066K [0x00000000a0000000, 0x00000000a5d00000, 0x00000000e0000000)
  object space 95232K, 28% used [0x00000000a0000000,0x00000000a1a6e990,0x00000000a5d00000)
 Metaspace       used 57118K, capacity 58876K, committed 58968K, reserved 1099776K
  class space    used 7789K, capacity 8205K, committed 8280K, reserved 1048576K
Event: 13.242 GC heap after
Heap after GC invocations=11 (full 3):
 PSYoungGen      total 325120K, used 0K [0x00000000e0000000, 0x00000000f5f00000, 0x0000000100000000)
  eden space 302592K, 0% used [0x00000000e0000000,0x00000000e0000000,0x00000000f2780000)
  from space 22528K, 0% used [0x00000000f3e80000,0x00000000f3e80000,0x00000000f5480000)
  to   space 23552K, 0% used [0x00000000f2780000,0x00000000f2780000,0x00000000f3e80000)
 ParOldGen       total 134144K, used 30344K [0x00000000a0000000, 0x00000000a8300000, 0x00000000e0000000)
  object space 134144K, 22% used [0x00000000a0000000,0x00000000a1da2038,0x00000000a8300000)
 Metaspace       used 57054K, capacity 58694K, committed 58968K, reserved 1099776K
  class space    used 7770K, capacity 8170K, committed 8280K, reserved 1048576K
}
Event: 597.221 GC heap before
{Heap before GC invocations=12 (full 3):
 PSYoungGen      total 325120K, used 302592K [0x00000000e0000000, 0x00000000f5f00000, 0x0000000100000000)
  eden space 302592K, 100% used [0x00000000e0000000,0x00000000f2780000,0x00000000f2780000)
  from space 22528K, 0% used [0x00000000f3e80000,0x00000000f3e80000,0x00000000f5480000)
  to   space 23552K, 0% used [0x00000000f2780000,0x00000000f2780000,0x00000000f3e80000)
 ParOldGen       total 134144K, used 30344K [0x00000000a0000000, 0x00000000a8300000, 0x00000000e0000000)
  object space 134144K, 22% used [0x00000000a0000000,0x00000000a1da2038,0x00000000a8300000)
 Metaspace       used 67244K, capacity 69698K, committed 69848K, reserved 1110016K
  class space    used 8896K, capacity 9428K, committed 9432K, reserved 1048576K
Event: 597.247 GC heap after
Heap after GC invocations=12 (full 3):
 PSYoungGen      total 326144K, used 19042K [0x00000000e0000000, 0x00000000f9800000, 0x0000000100000000)
  eden space 302592K, 0% used [0x00000000e0000000,0x00000000e0000000,0x00000000f2780000)
  from space 23552K, 80% used [0x00000000f2780000,0x00000000f3a18b10,0x00000000f3e80000)
  to   space 25088K, 0% used [0x00000000f7f80000,0x00000000f7f80000,0x00000000f9800000)
 ParOldGen       total 134144K, used 30352K [0x00000000a0000000, 0x00000000a8300000, 0x00000000e0000000)
  object space 134144K, 22% used [0x00000000a0000000,0x00000000a1da4038,0x00000000a8300000)
 Metaspace       used 67244K, capacity 69698K, committed 69848K, reserved 1110016K
  class space    used 8896K, capacity 9428K, committed 9432K, reserved 1048576K
}
Event: 10895.132 GC heap before
{Heap before GC invocations=13 (full 3):
 PSYoungGen      total 326144K, used 321634K [0x00000000e0000000, 0x00000000f9800000, 0x0000000100000000)
  eden space 302592K, 100% used [0x00000000e0000000,0x00000000f2780000,0x00000000f2780000)
  from space 23552K, 80% used [0x00000000f2780000,0x00000000f3a18b10,0x00000000f3e80000)
  to   space 25088K, 0% used [0x00000000f7f80000,0x00000000f7f80000,0x00000000f9800000)
 ParOldGen       total 134144K, used 30352K [0x00000000a0000000, 0x00000000a8300000, 0x00000000e0000000)
  object space 134144K, 22% used [0x00000000a0000000,0x00000000a1da4038,0x00000000a8300000)
 Metaspace       used 70913K, capacity 74020K, committed 74328K, reserved 1114112K
  class space    used 9313K, capacity 9973K, committed 10072K, reserved 1048576K
Event: 10895.265 GC heap after
Heap after GC invocations=13 (full 3):
 PSYoungGen      total 380928K, used 24803K [0x00000000e0000000, 0x00000000f9800000, 0x0000000100000000)
  eden space 355840K, 0% used [0x00000000e0000000,0x00000000e0000000,0x00000000f5b80000)
  from space 25088K, 98% used [0x00000000f7f80000,0x00000000f97b8d80,0x00000000f9800000)
  to   space 28672K, 0% used [0x00000000f6000000,0x00000000f6000000,0x00000000f7c00000)
 ParOldGen       total 134144K, used 30360K [0x00000000a0000000, 0x00000000a8300000, 0x00000000e0000000)
  object space 134144K, 22% used [0x00000000a0000000,0x00000000a1da6038,0x00000000a8300000)
 Metaspace       used 70913K, capacity 74020K, committed 74328K, reserved 1114112K
  class space    used 9313K, capacity 9973K, committed 10072K, reserved 1048576K
}

