# JRE version: OpenJDK Runtime Environment (8.0_202-b03) (build 1.8.0_202-release-1483-b03)
# Java VM: OpenJDK 64-Bit Server VM (25.202-b03 mixed mode windows-amd64 compressed oops)
Heap:
 PSYoungGen      total 190464K, used 85962K [0x00000000e0000000, 0x00000000ef800000, 0x0000000100000000)
  eden space 171520K, 41% used [0x00000000e0000000,0x00000000e45b27e0,0x00000000ea780000)
  from space 18944K, 77% used [0x00000000ea780000,0x00000000eb5c0238,0x00000000eba00000)
  to   space 19968K, 0% used [0x00000000ee480000,0x00000000ee480000,0x00000000ef800000)
 ParOldGen       total 124416K, used 28379K [0x00000000a0000000, 0x00000000a7980000, 0x00000000e0000000)
  object space 124416K, 22% used [0x00000000a0000000,0x00000000a1bb6f60,0x00000000a7980000)
 Metaspace       used 72245K, capacity 74790K, committed 74968K, reserved 1114112K
  class space    used 9868K, capacity 10410K, committed 10496K, reserved 1048576K
GC Heap History (10 events):
Event: 14.015 GC heap before
{Heap before GC invocations=12 (full 2):
 PSYoungGen      total 118784K, used 108032K [0x00000000e0000000, 0x00000000eaa80000, 0x0000000100000000)
  eden space 108032K, 100% used [0x00000000e0000000,0x00000000e6980000,0x00000000e6980000)
  from space 10752K, 0% used [0x00000000e6980000,0x00000000e6980000,0x00000000e7400000)
  to   space 11776K, 0% used [0x00000000e9f00000,0x00000000e9f00000,0x00000000eaa80000)
 ParOldGen       total 87552K, used 16898K [0x00000000a0000000, 0x00000000a5580000, 0x00000000e0000000)
  object space 87552K, 19% used [0x00000000a0000000,0x00000000a1080870,0x00000000a5580000)
 Metaspace       used 45401K, capacity 46392K, committed 46592K, reserved 1089536K
  class space    used 6108K, capacity 6384K, committed 6400K, reserved 1048576K
Event: 14.038 GC heap after
Heap after GC invocations=12 (full 2):
 PSYoungGen      total 148992K, used 11758K [0x00000000e0000000, 0x00000000eaa80000, 0x0000000100000000)
  eden space 137216K, 0% used [0x00000000e0000000,0x00000000e0000000,0x00000000e8600000)
  from space 11776K, 99% used [0x00000000e9f00000,0x00000000eaa7bbf0,0x00000000eaa80000)
  to   space 13824K, 0% used [0x00000000e8f80000,0x00000000e8f80000,0x00000000e9d00000)
 ParOldGen       total 87552K, used 19866K [0x00000000a0000000, 0x00000000a5580000, 0x00000000e0000000)
  object space 87552K, 22% used [0x00000000a0000000,0x00000000a1366b68,0x00000000a5580000)
 Metaspace       used 45401K, capacity 46392K, committed 46592K, reserved 1089536K
  class space    used 6108K, capacity 6384K, committed 6400K, reserved 1048576K
}
Event: 18.044 GC heap before
{Heap before GC invocations=13 (full 2):
 PSYoungGen      total 148992K, used 148974K [0x00000000e0000000, 0x00000000eaa80000, 0x0000000100000000)
  eden space 137216K, 100% used [0x00000000e0000000,0x00000000e8600000,0x00000000e8600000)
  from space 11776K, 99% used [0x00000000e9f00000,0x00000000eaa7bbf0,0x00000000eaa80000)
  to   space 13824K, 0% used [0x00000000e8f80000,0x00000000e8f80000,0x00000000e9d00000)
 ParOldGen       total 87552K, used 19866K [0x00000000a0000000, 0x00000000a5580000, 0x00000000e0000000)
  object space 87552K, 22% used [0x00000000a0000000,0x00000000a1366b68,0x00000000a5580000)
 Metaspace       used 56815K, capacity 58370K, committed 58624K, reserved 1099776K
  class space    used 7714K, capacity 8098K, committed 8192K, reserved 1048576K
Event: 18.079 GC heap after
Heap after GC invocations=13 (full 2):
 PSYoungGen      total 160768K, used 13796K [0x00000000e0000000, 0x00000000ecc00000, 0x0000000100000000)
  eden space 146944K, 0% used [0x00000000e0000000,0x00000000e0000000,0x00000000e8f80000)
  from space 13824K, 99% used [0x00000000e8f80000,0x00000000e9cf91d0,0x00000000e9d00000)
  to   space 18432K, 0% used [0x00000000eba00000,0x00000000eba00000,0x00000000ecc00000)
 ParOldGen       total 87552K, used 27836K [0x00000000a0000000, 0x00000000a5580000, 0x00000000e0000000)
  object space 87552K, 31% used [0x00000000a0000000,0x00000000a1b2f100,0x00000000a5580000)
 Metaspace       used 56815K, capacity 58370K, committed 58624K, reserved 1099776K
  class space    used 7714K, capacity 8098K, committed 8192K, reserved 1048576K
}
Event: 18.312 GC heap before
{Heap before GC invocations=14 (full 2):
 PSYoungGen      total 160768K, used 25319K [0x00000000e0000000, 0x00000000ecc00000, 0x0000000100000000)
  eden space 146944K, 7% used [0x00000000e0000000,0x00000000e0b40c70,0x00000000e8f80000)
  from space 13824K, 99% used [0x00000000e8f80000,0x00000000e9cf91d0,0x00000000e9d00000)
  to   space 18432K, 0% used [0x00000000eba00000,0x00000000eba00000,0x00000000ecc00000)
 ParOldGen       total 87552K, used 27836K [0x00000000a0000000, 0x00000000a5580000, 0x00000000e0000000)
  object space 87552K, 31% used [0x00000000a0000000,0x00000000a1b2f100,0x00000000a5580000)
 Metaspace       used 57360K, capacity 58958K, committed 59096K, reserved 1099776K
  class space    used 7784K, capacity 8162K, committed 8192K, reserved 1048576K
Event: 18.329 GC heap after
Heap after GC invocations=14 (full 2):
 PSYoungGen      total 189952K, used 1169K [0x00000000e0000000, 0x00000000ee780000, 0x0000000100000000)
  eden space 171520K, 0% used [0x00000000e0000000,0x00000000e0000000,0x00000000ea780000)
  from space 18432K, 6% used [0x00000000eba00000,0x00000000ebb24410,0x00000000ecc00000)
  to   space 18944K, 0% used [0x00000000ea780000,0x00000000ea780000,0x00000000eba00000)
 ParOldGen       total 87552K, used 33620K [0x00000000a0000000, 0x00000000a5580000, 0x00000000e0000000)
  object space 87552K, 38% used [0x00000000a0000000,0x00000000a20d52e8,0x00000000a5580000)
 Metaspace       used 57360K, capacity 58958K, committed 59096K, reserved 1099776K
  class space    used 7784K, capacity 8162K, committed 8192K, reserved 1048576K
}
Event: 18.329 GC heap before
{Heap before GC invocations=15 (full 3):
 PSYoungGen      total 189952K, used 1169K [0x00000000e0000000, 0x00000000ee780000, 0x0000000100000000)
  eden space 171520K, 0% used [0x00000000e0000000,0x00000000e0000000,0x00000000ea780000)
  from space 18432K, 6% used [0x00000000eba00000,0x00000000ebb24410,0x00000000ecc00000)
  to   space 18944K, 0% used [0x00000000ea780000,0x00000000ea780000,0x00000000eba00000)
 ParOldGen       total 87552K, used 33620K [0x00000000a0000000, 0x00000000a5580000, 0x00000000e0000000)
  object space 87552K, 38% used [0x00000000a0000000,0x00000000a20d52e8,0x00000000a5580000)
 Metaspace       used 57360K, capacity 58958K, committed 59096K, reserved 1099776K
  class space    used 7784K, capacity 8162K, committed 8192K, reserved 1048576K
Event: 18.752 GC heap after
Heap after GC invocations=15 (full 3):
 PSYoungGen      total 189952K, used 0K [0x00000000e0000000, 0x00000000ee780000, 0x0000000100000000)
  eden space 171520K, 0% used [0x00000000e0000000,0x00000000e0000000,0x00000000ea780000)
  from space 18432K, 0% used [0x00000000eba00000,0x00000000eba00000,0x00000000ecc00000)
  to   space 18944K, 0% used [0x00000000ea780000,0x00000000ea780000,0x00000000eba00000)
 ParOldGen       total 124416K, used 28371K [0x00000000a0000000, 0x00000000a7980000, 0x00000000e0000000)
  object space 124416K, 22% used [0x00000000a0000000,0x00000000a1bb4f60,0x00000000a7980000)
 Metaspace       used 57360K, capacity 58958K, committed 59096K, reserved 1099776K
  class space    used 7784K, capacity 8162K, committed 8192K, reserved 1048576K
}
Event: 24.332 GC heap before
{Heap before GC invocations=16 (full 3):
 PSYoungGen      total 189952K, used 171520K [0x00000000e0000000, 0x00000000ee780000, 0x0000000100000000)
  eden space 171520K, 100% used [0x00000000e0000000,0x00000000ea780000,0x00000000ea780000)
  from space 18432K, 0% used [0x00000000eba00000,0x00000000eba00000,0x00000000ecc00000)
  to   space 18944K, 0% used [0x00000000ea780000,0x00000000ea780000,0x00000000eba00000)
 ParOldGen       total 124416K, used 28371K [0x00000000a0000000, 0x00000000a7980000, 0x00000000e0000000)
  object space 124416K, 22% used [0x00000000a0000000,0x00000000a1bb4f60,0x00000000a7980000)
 Metaspace       used 65580K, capacity 67522K, committed 67672K, reserved 1107968K
  class space    used 8815K, capacity 9238K, committed 9344K, reserved 1048576K
Event: 24.377 GC heap after
Heap after GC invocations=16 (full 3):
 PSYoungGen      total 190464K, used 14592K [0x00000000e0000000, 0x00000000ef800000, 0x0000000100000000)
  eden space 171520K, 0% used [0x00000000e0000000,0x00000000e0000000,0x00000000ea780000)
  from space 18944K, 77% used [0x00000000ea780000,0x00000000eb5c0238,0x00000000eba00000)
  to   space 19968K, 0% used [0x00000000ee480000,0x00000000ee480000,0x00000000ef800000)
 ParOldGen       total 124416K, used 28379K [0x00000000a0000000, 0x00000000a7980000, 0x00000000e0000000)
  object space 124416K, 22% used [0x00000000a0000000,0x00000000a1bb6f60,0x00000000a7980000)
 Metaspace       used 65580K, capacity 67522K, committed 67672K, reserved 1107968K
  class space    used 8815K, capacity 9238K, committed 9344K, reserved 1048576K
}

